TN:
SF:/home/pm/Documents/GitHub/contracts-kujira/contracts/hub/src/constants.rs
FN:7,get_reward_fee_cap
FNF:1
FNDA:20,get_reward_fee_cap
DA:7,20
DA:9,2
LF:2
LH:2
end_of_record
TN:
SF:/home/pm/Documents/GitHub/contracts-kujira/contracts/hub/src/contract.rs
FN:15,instantiate
FN:25,execute
FN:33,{closure#0}
FN:50,{closure#1}
FN:118,{closure#2}
FN:125,callback
FN:152,query
FN:192,migrate
FNF:8
FNDA:19,instantiate
FNDA:3,execute
FNDA:9,{closure#0}
FNDA:4,{closure#1}
FNDA:5,{closure#2}
FNDA:3,callback
FNDA:1,query
FNDA:0,migrate
DA:15,19
DA:21,1
DA:25,3
DA:26,18
DA:27,3
DA:28,2
DA:31,2
DA:32,2
DA:33,9
DA:34,4
DA:38,2
DA:39,1
DA:40,2
DA:41,2
DA:44,1
DA:47,1
DA:48,1
DA:49,2
DA:50,4
DA:52,2
DA:55,1
DA:58,2
DA:61,2
DA:62,1
DA:66,2
DA:67,2
DA:70,5
DA:71,3
DA:72,3
DA:76,1
DA:80,5
DA:82,1
DA:91,1
DA:92,1
DA:93,1
DA:95,1
DA:96,1
DA:98,1
DA:99,1
DA:101,1
DA:104,1
DA:105,1
DA:107,2
DA:108,0
DA:111,2
DA:112,1
DA:116,1
DA:117,1
DA:118,5
DA:119,2
DA:125,3
DA:131,6
DA:132,2
DA:135,3
DA:136,2
DA:137,2
DA:140,2
DA:144,2
DA:152,1
DA:153,1
DA:154,2
DA:155,2
DA:156,9
DA:157,3
DA:158,1
DA:162,1
DA:167,1
DA:173,1
DA:178,1
DA:179,1
DA:182,1
DA:184,4
DA:185,0
DA:192,0
DA:195,0
DA:197,0
LF:76
LH:71
end_of_record
TN:
SF:/home/pm/Documents/GitHub/contracts-kujira/contracts/hub/src/execute.rs
FN:39,instantiate
FN:132,bond
FN:187,harvest
FN:200,{closure#0}
FN:235,claim_funds
FN:267,swap
FN:293,validate_no_utoken_or_ustake_swap
FN:313,check_received_coin_msg
FN:350,reinvest
FN:357,{closure#0}
FN:386,callback_received_coins
FN:446,find_new_delegation
FN:503,queue_unbond
FN:519,{closure#0}
FN:552,submit_batch
FN:618,reconcile
FN:629,{closure#0}
FN:681,withdraw_unbonded
FN:694,{closure#0}
FN:752,tune_delegations
FN:762,{closure#0}
FN:778,rebalance
FN:818,add_validator
FN:837,remove_validator
FN:851,{closure#0}
FN:901,transfer_ownership
FN:910,accept_ownership
FN:931,update_config
FNF:28
FNDA:21,instantiate
FNDA:2,bond
FNDA:1,harvest
FNDA:2,{closure#0}
FNDA:1,claim_funds
FNDA:1,swap
FNDA:22,validate_no_utoken_or_ustake_swap
FNDA:1,check_received_coin_msg
FNDA:1,reinvest
FNDA:2,{closure#0}
FNDA:2,callback_received_coins
FNDA:2,find_new_delegation
FNDA:1,queue_unbond
FNDA:3,{closure#0}
FNDA:1,submit_batch
FNDA:4,reconcile
FNDA:4,{closure#0}
FNDA:1,withdraw_unbonded
FNDA:1,{closure#0}
FNDA:2,tune_delegations
FNDA:3,{closure#0}
FNDA:1,rebalance
FNDA:1,add_validator
FNDA:1,remove_validator
FNDA:3,{closure#0}
FNDA:1,transfer_ownership
FNDA:1,accept_ownership
FNDA:1,update_config
DA:39,21
DA:40,20
DA:42,2
DA:44,2
DA:45,0
DA:48,20
DA:49,0
DA:52,9
DA:53,0
DA:56,2
DA:57,20
DA:58,2
DA:59,36
DA:61,6
DA:62,8
DA:66,19
DA:68,17
DA:70,2
DA:71,17
DA:73,25
DA:74,25
DA:75,48
DA:76,2
DA:77,23
DA:78,23
DA:79,2
DA:83,27
DA:84,23
DA:85,2
DA:87,2
DA:88,23
DA:92,23
DA:93,46
DA:95,45
DA:97,44
DA:99,35
DA:101,22
DA:102,44
DA:103,45
DA:104,22
DA:105,22
DA:106,22
DA:107,22
DA:112,1
DA:113,22
DA:115,23
DA:116,13
DA:132,2
DA:139,2
DA:140,2
DA:141,4
DA:144,2
DA:145,2
DA:146,3
DA:147,1
DA:152,3
DA:154,4
DA:157,12
DA:158,2
DA:160,2
DA:162,5
DA:163,1
DA:166,5
DA:167,2
DA:170,1
DA:171,5
DA:172,1
DA:173,3
DA:179,11
DA:180,5
DA:181,2
DA:182,5
DA:183,3
DA:187,1
DA:194,1
DA:197,3
DA:200,2
DA:201,2
DA:202,2
DA:207,4
DA:208,1
DA:211,3
DA:212,1
DA:213,1
DA:216,15
DA:218,1
DA:220,1
DA:222,1
DA:224,3
DA:227,2
DA:228,1
DA:231,2
DA:235,1
DA:240,1
DA:241,2
DA:242,2
DA:244,3
DA:245,4
DA:247,1
DA:248,2
DA:249,1
DA:250,1
DA:251,1
DA:252,2
DA:254,1
DA:255,2
DA:263,2
DA:267,1
DA:273,1
DA:275,3
DA:276,2
DA:278,2
DA:281,3
DA:283,3
DA:284,2
DA:285,3
DA:287,0
DA:290,2
DA:293,22
DA:298,3
DA:299,8
DA:301,12
DA:302,4
DA:303,8
DA:304,1
DA:309,19
DA:313,1
DA:320,1
DA:323,2
DA:324,5
DA:327,3
DA:332,1
DA:336,2
DA:341,2
DA:350,1
DA:351,1
DA:352,1
DA:353,2
DA:355,2
DA:357,2
DA:358,0
DA:359,0
DA:361,2
DA:362,2
DA:364,1
DA:366,3
DA:367,1
DA:369,3
DA:371,2
DA:373,3
DA:375,2
DA:376,1
DA:377,2
DA:380,4
DA:381,1
DA:382,1
DA:386,2
DA:392,2
DA:396,2
DA:397,2
DA:398,2
DA:401,4
DA:402,2
DA:404,4
DA:406,4
DA:408,4
DA:409,2
DA:410,4
DA:411,2
DA:415,4
DA:418,2
DA:419,5
DA:421,1
DA:423,3
DA:424,2
DA:425,1
DA:428,1
DA:429,1
DA:430,1
DA:431,1
DA:437,3
DA:438,1
DA:439,1
DA:446,2
DA:452,2
DA:455,2
DA:457,4
DA:458,4
DA:467,2
DA:468,3
DA:469,2
DA:471,5
DA:473,3
DA:476,1
DA:483,5
DA:484,3
DA:486,6
DA:489,3
DA:490,1
DA:491,1
DA:494,3
DA:496,3
DA:503,1
DA:509,1
DA:511,1
DA:512,1
DA:513,1
DA:515,3
DA:516,1
DA:517,1
DA:518,2
DA:519,3
DA:520,1
DA:521,1
DA:522,1
DA:524,1
DA:525,1
DA:529,1
DA:530,2
DA:531,3
DA:532,1
DA:533,2
DA:534,2
DA:535,2
DA:536,1
DA:540,6
DA:541,2
DA:542,2
DA:543,2
DA:544,2
DA:546,3
DA:547,1
DA:548,1
DA:552,1
DA:553,1
DA:554,1
DA:555,2
DA:556,2
DA:557,2
DA:559,2
DA:560,1
DA:561,0
DA:564,2
DA:565,1
DA:567,2
DA:569,1
DA:572,3
DA:573,1
DA:574,1
DA:575,1
DA:578,1
DA:580,1
DA:584,2
DA:585,3
DA:586,1
DA:587,1
DA:588,1
DA:589,1
DA:590,1
DA:594,4
DA:597,2
DA:598,2
DA:600,2
DA:601,1
DA:605,6
DA:606,2
DA:608,2
DA:610,9
DA:611,1
DA:612,3
DA:613,3
DA:614,1
DA:618,4
DA:619,4
DA:620,4
DA:623,16
DA:627,4
DA:628,4
DA:629,4
DA:630,4
DA:631,4
DA:635,8
DA:637,12
DA:640,16
DA:642,4
DA:643,0
DA:646,8
DA:647,4
DA:649,4
DA:650,4
DA:652,4
DA:653,1
DA:654,3
DA:655,1
DA:657,5
DA:658,2
DA:659,2
DA:661,2
DA:664,6
DA:666,3
DA:668,3
DA:669,2
DA:672,4
DA:674,3
DA:675,2
DA:676,2
DA:678,2
DA:681,1
DA:682,1
DA:683,1
DA:688,4
DA:692,1
DA:693,1
DA:694,1
DA:695,1
DA:696,1
DA:706,1
DA:707,1
DA:708,4
DA:709,1
DA:710,3
DA:711,2
DA:714,1
DA:716,1
DA:717,1
DA:718,1
DA:720,3
DA:721,1
DA:723,2
DA:726,2
DA:731,2
DA:732,1
DA:735,1
DA:736,2
DA:737,2
DA:740,5
DA:741,2
DA:742,1
DA:743,1
DA:744,2
DA:746,3
DA:747,2
DA:748,2
DA:752,2
DA:753,1
DA:754,2
DA:755,3
DA:757,2
DA:758,3
DA:759,3
DA:762,3
DA:765,0
DA:767,0
DA:769,5
DA:771,1
DA:778,1
DA:784,2
DA:786,1
DA:787,2
DA:788,2
DA:790,2
DA:792,2
DA:795,3
DA:798,4
DA:800,4
DA:802,1
DA:804,3
DA:806,2
DA:808,0
DA:811,4
DA:812,1
DA:813,1
DA:814,1
DA:818,1
DA:819,1
DA:821,2
DA:822,2
DA:824,4
DA:825,2
DA:826,1
DA:828,2
DA:829,1
DA:832,1
DA:834,2
DA:837,1
DA:843,1
DA:845,2
DA:847,4
DA:848,2
DA:849,1
DA:851,3
DA:852,1
DA:855,2
DA:858,1
DA:861,2
DA:862,2
DA:866,1
DA:868,1
DA:869,1
DA:872,4
DA:881,2
DA:885,2
DA:887,4
DA:889,2
DA:891,1
DA:894,4
DA:895,1
DA:896,1
DA:897,1
DA:901,1
DA:902,1
DA:904,2
DA:905,2
DA:907,1
DA:910,1
DA:911,1
DA:913,1
DA:914,2
DA:916,2
DA:917,1
DA:920,2
DA:921,1
DA:923,3
DA:924,1
DA:925,2
DA:927,2
DA:931,1
DA:942,1
DA:944,3
DA:946,2
DA:947,1
DA:949,2
DA:950,2
DA:953,3
DA:954,2
DA:955,1
DA:957,1
DA:960,2
DA:963,1
DA:964,0
DA:967,2
DA:968,0
DA:971,1
DA:972,0
DA:975,3
DA:976,2
DA:977,3
DA:979,3
DA:982,3
DA:983,2
DA:986,2
DA:987,2
DA:990,2
LF:453
LH:439
end_of_record
TN:
SF:/home/pm/Documents/GitHub/contracts-kujira/contracts/hub/src/gov.rs
FN:14,vote
FN:34,vote_weighted
FNF:2
FNDA:1,vote
FNDA:1,vote_weighted
DA:14,1
DA:21,1
DA:22,2
DA:24,2
DA:26,1
DA:27,1
DA:31,2
DA:34,1
DA:41,1
DA:42,2
DA:44,2
DA:48,1
DA:49,2
DA:64,1
DA:67,2
DA:69,6
DA:70,2
DA:71,2
LF:18
LH:18
end_of_record
TN:
SF:/home/pm/Documents/GitHub/contracts-kujira/contracts/hub/src/helpers.rs
FN:24,query_delegation
FN:33,{closure#0}
FN:39,query_delegations
FN:46,{closure#0}
FN:50,query_all_delegations
FN:57,{closure#0}
FN:58,{closure#1}
FN:69,parse_received_fund
FN:92,assert_validator_exists
FN:100,assert_validators_exists
FN:111,dedupe
FN:114,{closure#0}
FN:120,get_wanted_delegations<eris_staking_hub_kujira::types::gauges::PeriodGaugeLoader>
FN:142,{closure#0}<eris_staking_hub_kujira::types::gauges::PeriodGaugeLoader>
FN:157,{closure#1}<eris_staking_hub_kujira::types::gauges::PeriodGaugeLoader>
FN:184,{closure#2}<eris_staking_hub_kujira::types::gauges::PeriodGaugeLoader>
FN:206,{closure#3}<eris_staking_hub_kujira::types::gauges::PeriodGaugeLoader>
FN:207,{closure#4}<eris_staking_hub_kujira::types::gauges::TuneInfoGaugeLoader>
FN:212,{closure#5}<eris_staking_hub_kujira::types::gauges::TuneInfoGaugeLoader>
FN:215,{closure#6}<eris_staking_hub_kujira::types::gauges::TuneInfoGaugeLoader>
FN:218,{closure#0}<eris_staking_hub_kujira::types::gauges::PeriodGaugeLoader>
FN:242,from_emps<eris_staking_hub_kujira::types::gauges::TuneInfoGaugeLoader>
FN:249,{closure#0}<eris_staking_hub_kujira::types::gauges::TuneInfoGaugeLoader>
FN:250,{closure#1}<eris_staking_hub_kujira::types::gauges::PeriodGaugeLoader>
FN:266,from_amps<eris_staking_hub_kujira::types::gauges::PeriodGaugeLoader>
FN:272,{closure#0}<eris_staking_hub_kujira::types::gauges::TuneInfoGaugeLoader>
FN:273,{closure#1}<eris_staking_hub_kujira::types::gauges::TuneInfoGaugeLoader>
FNF:27
FNDA:4,query_delegation
FNDA:4,{closure#0}
FNDA:3,query_delegations
FNDA:11,{closure#0}
FNDA:2,query_all_delegations
FNDA:4,{closure#0}
FNDA:4,{closure#1}
FNDA:1,parse_received_fund
FNDA:2,assert_validator_exists
FNDA:2,assert_validators_exists
FNDA:1,dedupe
FNDA:3,{closure#0}
FNDA:1,get_wanted_delegations<eris_staking_hub_kujira::types::gauges::PeriodGaugeLoader>
FNDA:0,{closure#0}<eris_staking_hub_kujira::types::gauges::PeriodGaugeLoader>
FNDA:3,{closure#1}<eris_staking_hub_kujira::types::gauges::PeriodGaugeLoader>
FNDA:0,{closure#2}<eris_staking_hub_kujira::types::gauges::PeriodGaugeLoader>
FNDA:0,{closure#3}<eris_staking_hub_kujira::types::gauges::PeriodGaugeLoader>
FNDA:0,{closure#4}<eris_staking_hub_kujira::types::gauges::TuneInfoGaugeLoader>
FNDA:0,{closure#5}<eris_staking_hub_kujira::types::gauges::TuneInfoGaugeLoader>
FNDA:0,{closure#6}<eris_staking_hub_kujira::types::gauges::TuneInfoGaugeLoader>
FNDA:0,{closure#0}<eris_staking_hub_kujira::types::gauges::PeriodGaugeLoader>
FNDA:0,from_emps<eris_staking_hub_kujira::types::gauges::TuneInfoGaugeLoader>
FNDA:0,{closure#0}<eris_staking_hub_kujira::types::gauges::TuneInfoGaugeLoader>
FNDA:0,{closure#1}<eris_staking_hub_kujira::types::gauges::PeriodGaugeLoader>
FNDA:0,from_amps<eris_staking_hub_kujira::types::gauges::PeriodGaugeLoader>
FNDA:0,{closure#0}<eris_staking_hub_kujira::types::gauges::TuneInfoGaugeLoader>
FNDA:0,{closure#1}<eris_staking_hub_kujira::types::gauges::TuneInfoGaugeLoader>
DA:24,4
DA:29,2
DA:30,4
DA:31,9
DA:32,0
DA:33,4
DA:39,3
DA:44,7
DA:46,11
DA:50,2
DA:54,4
DA:55,0
DA:57,4
DA:58,4
DA:59,2
DA:60,2
DA:64,3
DA:69,1
DA:70,1
DA:71,1
DA:73,1
DA:77,2
DA:78,2
DA:79,1
DA:85,2
DA:86,1
DA:89,1
DA:92,2
DA:93,24
DA:95,22
DA:97,2
DA:100,2
DA:104,45
DA:105,21
DA:107,2
DA:111,1
DA:112,1
DA:114,3
DA:120,1
DA:127,5
DA:130,1
DA:132,0
DA:133,0
DA:134,0
DA:136,0
DA:137,0
DA:138,0
DA:139,0
DA:140,0
DA:142,0
DA:149,2
DA:152,1
DA:153,2
DA:154,1
DA:155,3
DA:157,3
DA:158,0
DA:163,0
DA:171,0
DA:172,0
DA:174,0
DA:175,0
DA:177,0
DA:178,0
DA:180,0
DA:182,0
DA:184,0
DA:185,0
DA:187,0
DA:189,0
DA:191,0
DA:193,0
DA:195,0
DA:197,0
DA:200,0
DA:202,0
DA:206,0
DA:207,0
DA:208,0
DA:212,0
DA:213,0
DA:215,0
DA:217,0
DA:218,0
DA:220,0
DA:224,0
DA:225,0
DA:226,0
DA:227,0
DA:228,0
DA:242,0
DA:247,0
DA:248,0
DA:249,0
DA:250,0
DA:253,0
DA:254,0
DA:257,0
DA:258,0
DA:259,0
DA:262,0
DA:266,0
DA:271,0
DA:272,0
DA:273,0
DA:276,0
DA:277,0
DA:280,0
DA:281,0
DA:282,0
LF:110
LH:45
end_of_record
TN:
SF:/home/pm/Documents/GitHub/contracts-kujira/contracts/hub/src/math.rs
FN:30,compute_mint_amount
FN:35,{closure#0}
FN:47,compute_unbond_amount
FN:66,compute_undelegations
FN:73,{closure#0}
FN:114,compute_redelegations_for_removal
FN:158,merge_with_validators
FN:162,{closure#0}
FN:178,get_utoken_for_validator
FN:184,{closure#0}
FN:203,compute_redelegations_for_rebalancing
FN:209,{closure#0}
FN:267,get_utoken_per_validator_prepared
FN:275,{closure#0}
FN:280,get_utoken_per_validator
FN:302,{closure#0}
FN:314,{closure#1}
FN:317,{closure#0}
FN:319,{closure#2}
FN:343,reconcile_batches
FN:365,{closure#0}
FN:406,mark_reconciled_batches
FNF:22
FNDA:2,compute_mint_amount
FNDA:9,{closure#0}
FNDA:1,compute_unbond_amount
FNDA:1,compute_undelegations
FNDA:4,{closure#0}
FNDA:1,compute_redelegations_for_removal
FNDA:3,merge_with_validators
FNDA:16,{closure#0}
FNDA:1,get_utoken_for_validator
FNDA:12,{closure#0}
FNDA:1,compute_redelegations_for_rebalancing
FNDA:6,{closure#0}
FNDA:1,get_utoken_per_validator_prepared
FNDA:5,{closure#0}
FNDA:2,get_utoken_per_validator
FNDA:2,{closure#0}
FNDA:6,{closure#1}
FNDA:12,{closure#0}
FNDA:12,{closure#2}
FNDA:3,reconcile_batches
FNDA:7,{closure#0}
FNDA:1,mark_reconciled_batches
DA:30,2
DA:35,9
DA:36,2
DA:37,4
DA:39,1
DA:47,1
DA:52,3
DA:53,1
DA:66,1
DA:73,4
DA:74,1
DA:76,1
DA:79,1
DA:80,2
DA:81,1
DA:82,1
DA:85,2
DA:86,0
DA:88,2
DA:91,1
DA:92,1
DA:93,1
DA:95,1
DA:96,1
DA:99,2
DA:105,2
DA:114,1
DA:121,4
DA:122,1
DA:124,1
DA:127,1
DA:128,1
DA:129,2
DA:130,1
DA:133,2
DA:134,0
DA:136,2
DA:139,2
DA:140,1
DA:142,1
DA:143,1
DA:144,1
DA:145,1
DA:146,1
DA:150,1
DA:155,1
DA:158,3
DA:162,16
DA:164,4
DA:166,12
DA:167,8
DA:168,0
DA:169,0
DA:178,1
DA:184,12
DA:186,7
DA:187,6
DA:188,3
DA:190,1
DA:191,0
DA:192,0
DA:193,0
DA:203,1
DA:209,6
DA:211,2
DA:218,2
DA:219,2
DA:220,4
DA:221,2
DA:224,1
DA:226,1
DA:227,1
DA:230,2
DA:231,4
DA:237,1
DA:238,2
DA:239,2
DA:240,4
DA:241,4
DA:243,3
DA:244,2
DA:246,3
DA:249,3
DA:250,1
DA:252,2
DA:255,2
DA:256,1
DA:257,1
DA:262,1
DA:267,1
DA:274,3
DA:275,5
DA:276,2
DA:277,3
DA:280,2
DA:287,6
DA:288,7
DA:289,0
DA:291,8
DA:294,9
DA:296,3
DA:299,2
DA:302,2
DA:303,1
DA:305,0
DA:308,0
DA:311,3
DA:314,6
DA:315,3
DA:316,3
DA:317,12
DA:319,12
DA:320,7
DA:321,3
DA:323,1
DA:325,6
DA:326,0
DA:328,3
DA:330,4
DA:343,3
DA:344,3
DA:345,3
DA:346,6
DA:347,3
DA:349,12
DA:350,4
DA:351,1
DA:352,7
DA:355,3
DA:356,2
DA:359,6
DA:360,1
DA:363,2
DA:364,2
DA:365,7
DA:366,2
DA:367,4
DA:368,3
DA:370,5
DA:371,4
DA:372,1
DA:373,1
DA:374,4
DA:376,1
DA:377,1
DA:380,4
DA:384,2
DA:386,3
DA:387,1
DA:388,3
DA:389,2
DA:390,2
DA:392,0
DA:393,0
DA:398,4
DA:406,1
DA:407,3
DA:408,1
LF:158
LH:145
end_of_record
TN:
SF:/home/pm/Documents/GitHub/contracts-kujira/contracts/hub/src/protos/mod.rs
FN:11,to_cosmos_msg
FNF:1
FNDA:1,to_cosmos_msg
DA:11,1
DA:12,1
DA:15,1
DA:16,2
LF:4
LH:4
end_of_record
TN:
SF:/home/pm/Documents/GitHub/contracts-kujira/contracts/hub/src/protos/proto.rs
FN:48,new
FN:52,generated_message_descriptor_data
FN:57,{closure#0}
FN:58,{closure#1}
FN:62,{closure#2}
FN:63,{closure#3}
FN:76,is_initialized
FN:80,merge_from
FN:99,compute_size
FN:112,write_to_with_cached_sizes
FN:123,special_fields
FN:127,mut_special_fields
FN:131,new
FN:135,clear
FN:141,default_instance
FN:152,descriptor
FN:159,fmt
FN:190,new
FN:194,generated_message_descriptor_data
FN:199,{closure#0}
FN:200,{closure#1}
FN:204,{closure#2}
FN:205,{closure#3}
FN:209,{closure#4}
FN:210,{closure#5}
FN:223,is_initialized
FN:227,merge_from
FN:249,compute_size
FN:266,write_to_with_cached_sizes
FN:280,special_fields
FN:284,mut_special_fields
FN:288,new
FN:292,clear
FN:299,default_instance
FN:311,descriptor
FN:318,fmt
FN:342,new
FN:346,generated_message_descriptor_data
FN:360,is_initialized
FN:364,merge_from
FN:377,compute_size
FN:384,write_to_with_cached_sizes
FN:389,special_fields
FN:393,mut_special_fields
FN:397,new
FN:401,clear
FN:405,default_instance
FN:414,descriptor
FN:421,fmt
FN:448,value
FN:452,from_i32
FN:473,enum_descriptor
FN:478,descriptor
FN:485,default
FN:491,generated_enum_descriptor_data
FN:509,file_descriptor_proto
FN:517,file_descriptor
FN:521,{closure#0}
FNF:58
FNDA:0,new
FNDA:0,generated_message_descriptor_data
FNDA:0,{closure#0}
FNDA:0,{closure#1}
FNDA:0,{closure#2}
FNDA:0,{closure#3}
FNDA:0,is_initialized
FNDA:0,merge_from
FNDA:1,compute_size
FNDA:1,write_to_with_cached_sizes
FNDA:2,special_fields
FNDA:0,mut_special_fields
FNDA:0,new
FNDA:0,clear
FNDA:0,default_instance
FNDA:0,descriptor
FNDA:0,fmt
FNDA:0,new
FNDA:0,generated_message_descriptor_data
FNDA:0,{closure#0}
FNDA:0,{closure#1}
FNDA:0,{closure#2}
FNDA:0,{closure#3}
FNDA:0,{closure#4}
FNDA:0,{closure#5}
FNDA:1,is_initialized
FNDA:0,merge_from
FNDA:1,compute_size
FNDA:1,write_to_with_cached_sizes
FNDA:0,special_fields
FNDA:0,mut_special_fields
FNDA:0,new
FNDA:0,clear
FNDA:0,default_instance
FNDA:0,descriptor
FNDA:0,fmt
FNDA:0,new
FNDA:0,generated_message_descriptor_data
FNDA:0,is_initialized
FNDA:0,merge_from
FNDA:0,compute_size
FNDA:0,write_to_with_cached_sizes
FNDA:0,special_fields
FNDA:0,mut_special_fields
FNDA:0,new
FNDA:0,clear
FNDA:0,default_instance
FNDA:0,descriptor
FNDA:0,fmt
FNDA:1,value
FNDA:0,from_i32
FNDA:0,enum_descriptor
FNDA:0,descriptor
FNDA:0,default
FNDA:0,generated_enum_descriptor_data
FNDA:0,file_descriptor_proto
FNDA:0,file_descriptor
FNDA:0,{closure#0}
DA:42,0
DA:43,0
DA:48,0
DA:49,0
DA:52,0
DA:53,0
DA:54,0
DA:55,0
DA:57,0
DA:58,0
DA:60,0
DA:62,0
DA:63,0
DA:67,0
DA:68,0
DA:76,0
DA:80,0
DA:81,0
DA:82,0
DA:83,0
DA:84,0
DA:86,0
DA:87,0
DA:89,0
DA:90,0
DA:94,0
DA:99,1
DA:100,1
DA:101,2
DA:102,1
DA:104,3
DA:105,1
DA:107,2
DA:108,2
DA:112,1
DA:113,3
DA:114,1
DA:116,5
DA:117,2
DA:119,4
DA:120,2
DA:123,2
DA:124,2
DA:127,0
DA:128,0
DA:131,0
DA:132,0
DA:135,0
DA:136,0
DA:137,0
DA:138,0
DA:141,0
DA:152,0
DA:154,0
DA:159,0
DA:160,0
DA:184,0
DA:185,0
DA:190,0
DA:191,0
DA:194,0
DA:195,0
DA:196,0
DA:197,0
DA:199,0
DA:200,0
DA:202,0
DA:204,0
DA:205,0
DA:207,0
DA:209,0
DA:210,0
DA:214,0
DA:215,0
DA:223,1
DA:227,0
DA:228,0
DA:229,0
DA:230,0
DA:231,0
DA:233,0
DA:234,0
DA:236,0
DA:237,0
DA:239,0
DA:240,0
DA:244,0
DA:249,1
DA:250,1
DA:251,2
DA:252,1
DA:254,3
DA:255,1
DA:257,4
DA:258,1
DA:259,1
DA:261,2
DA:262,2
DA:266,1
DA:267,2
DA:268,1
DA:270,4
DA:271,1
DA:273,5
DA:274,1
DA:276,3
DA:277,2
DA:280,0
DA:281,0
DA:284,0
DA:285,0
DA:288,0
DA:289,0
DA:292,0
DA:293,0
DA:294,0
DA:295,0
DA:296,0
DA:299,0
DA:311,0
DA:313,0
DA:318,0
DA:319,0
DA:336,0
DA:337,0
DA:342,0
DA:343,0
DA:346,0
DA:347,0
DA:348,0
DA:351,0
DA:352,0
DA:360,0
DA:364,0
DA:365,0
DA:367,0
DA:368,0
DA:372,0
DA:377,0
DA:378,0
DA:379,0
DA:380,0
DA:384,0
DA:385,0
DA:386,0
DA:389,0
DA:393,0
DA:397,0
DA:398,0
DA:401,0
DA:402,0
DA:405,0
DA:414,0
DA:416,0
DA:421,0
DA:422,0
DA:448,1
DA:449,1
DA:452,0
DA:453,0
DA:454,0
DA:455,0
DA:456,0
DA:457,0
DA:458,0
DA:459,0
DA:473,0
DA:475,0
DA:478,0
DA:479,0
DA:480,0
DA:485,0
DA:486,0
DA:491,0
DA:492,0
DA:509,0
DA:511,0
DA:512,0
DA:517,0
DA:520,0
DA:521,0
DA:522,0
DA:523,0
DA:524,0
DA:525,0
DA:526,0
DA:527,0
DA:528,0
DA:529,0
DA:530,0
DA:531,0
DA:532,0
DA:533,0
DA:536,0
LF:194
LH:40
end_of_record
TN:
SF:/home/pm/Documents/GitHub/contracts-kujira/contracts/hub/src/queries.rs
FN:21,config
FN:66,state
FN:83,{closure#1}
FN:88,{closure#3}
FN:112,wanted_delegations
FN:129,simulate_wanted_delegations
FN:162,sort_delegations
FN:167,{closure#0}
FN:177,pending_batch
FN:182,previous_batch
FN:187,previous_batches
FN:201,{closure#0}
FN:208,unbond_requests_by_batch
FN:232,{closure#0}
FN:239,unbond_requests_by_user
FN:258,{closure#1}
FN:266,unbond_requests_by_user_details
FNF:17
FNDA:1,config
FNDA:2,state
FNDA:2,{closure#1}
FNDA:3,{closure#3}
FNDA:1,wanted_delegations
FNDA:0,simulate_wanted_delegations
FNDA:1,sort_delegations
FNDA:3,{closure#0}
FNDA:1,pending_batch
FNDA:1,previous_batch
FNDA:1,previous_batches
FNDA:1,{closure#0}
FNDA:1,unbond_requests_by_batch
FNDA:1,{closure#0}
FNDA:1,unbond_requests_by_user
FNDA:1,{closure#1}
FNDA:1,unbond_requests_by_user_details
DA:21,1
DA:22,1
DA:24,1
DA:25,1
DA:26,3
DA:27,4
DA:28,4
DA:29,4
DA:30,4
DA:31,4
DA:32,4
DA:33,4
DA:34,4
DA:35,8
DA:37,2
DA:38,1
DA:40,2
DA:42,1
DA:43,1
DA:44,1
DA:47,1
DA:48,1
DA:49,1
DA:50,1
DA:51,1
DA:52,1
DA:53,1
DA:54,1
DA:55,3
DA:62,5
DA:66,2
DA:67,2
DA:69,2
DA:70,1
DA:72,3
DA:73,4
DA:74,8
DA:77,7
DA:81,2
DA:82,2
DA:83,2
DA:84,2
DA:87,5
DA:88,3
DA:91,1
DA:93,2
DA:94,1
DA:96,2
DA:99,3
DA:100,2
DA:101,1
DA:102,2
DA:103,1
DA:104,2
DA:106,4
DA:107,2
DA:108,0
DA:112,1
DA:113,2
DA:117,1
DA:118,2
DA:119,1
DA:120,2
DA:123,1
DA:124,2
DA:125,5
DA:129,0
DA:134,0
DA:136,0
DA:141,0
DA:142,0
DA:143,0
DA:150,0
DA:151,0
DA:152,0
DA:153,0
DA:156,0
DA:157,0
DA:158,0
DA:162,1
DA:165,2
DA:167,3
DA:168,1
DA:169,2
DA:170,1
DA:172,1
DA:177,1
DA:178,3
DA:179,3
DA:182,1
DA:183,1
DA:184,1
DA:187,1
DA:192,1
DA:194,1
DA:195,1
DA:197,2
DA:199,1
DA:201,1
DA:202,1
DA:203,1
DA:208,1
DA:214,1
DA:216,1
DA:218,1
DA:220,1
DA:221,0
DA:222,0
DA:223,0
DA:227,3
DA:230,1
DA:232,1
DA:233,1
DA:234,2
DA:239,1
DA:245,1
DA:247,1
DA:248,1
DA:249,3
DA:251,4
DA:255,1
DA:256,1
DA:258,1
DA:259,1
DA:261,2
DA:266,1
DA:273,1
DA:275,1
DA:276,1
DA:277,1
DA:279,2
DA:281,5
DA:285,1
DA:286,1
DA:288,2
DA:289,1
DA:293,2
DA:294,1
DA:295,1
DA:297,2
DA:298,2
DA:299,1
DA:300,2
DA:301,1
DA:303,2
DA:307,1
DA:308,1
DA:309,1
DA:310,1
DA:311,3
DA:312,2
DA:314,1
DA:316,1
LF:153
LH:136
end_of_record
TN:
SF:/home/pm/Documents/GitHub/contracts-kujira/contracts/hub/src/state.rs
FN:55,default
FN:103,assert_operator
FN:116,assert_vote_operator
FNF:3
FNDA:7,default
FNDA:1,assert_operator
FNDA:1,assert_vote_operator
DA:55,7
DA:57,7
DA:64,7
DA:71,27
DA:72,2
DA:73,26
DA:74,2
DA:75,27
DA:76,1
DA:77,2
DA:78,27
DA:79,2
DA:80,27
DA:81,2
DA:82,27
DA:83,2
DA:84,27
DA:85,2
DA:86,27
DA:87,2
DA:88,27
DA:94,1
DA:95,2
DA:96,6
DA:97,1
DA:99,3
DA:103,1
DA:108,1
DA:109,3
DA:110,1
DA:112,1
DA:116,1
DA:121,4
DA:122,0
DA:124,3
DA:125,1
DA:127,1
DA:138,2
DA:139,2
DA:140,2
DA:150,1
DA:151,1
DA:153,1
LF:43
LH:42
end_of_record
TN:
SF:/home/pm/Documents/GitHub/contracts-kujira/contracts/hub/src/types/coins.rs
FN:6,add
FN:18,add_many
FN:25,find
FNF:3
FNDA:1,add
FNDA:1,add_many
FNDA:4,find
DA:6,1
DA:7,3
DA:8,1
DA:9,1
DA:12,2
DA:15,1
DA:18,1
DA:19,3
DA:20,1
DA:22,1
DA:25,4
DA:26,12
DA:29,12
DA:30,4
LF:14
LH:14
end_of_record
TN:
SF:/home/pm/Documents/GitHub/contracts-kujira/contracts/hub/src/types/gauges.rs
FN:15,get_amp_tune_info
FN:18,get_emp_tune_info
FN:28,get_amp_tune_info
FN:35,{closure#0}
FN:36,{closure#1}
FN:41,get_emp_tune_info
FN:49,{closure#0}
FN:50,{closure#1}
FNF:8
FNDA:0,get_amp_tune_info
FNDA:0,get_emp_tune_info
FNDA:0,get_amp_tune_info
FNDA:0,{closure#0}
FNDA:0,{closure#1}
FNDA:0,get_emp_tune_info
FNDA:0,{closure#0}
FNDA:0,{closure#1}
DA:15,0
DA:16,0
DA:18,0
DA:19,0
DA:28,0
DA:29,0
DA:31,0
DA:32,0
DA:33,0
DA:35,0
DA:36,0
DA:41,0
DA:42,0
DA:44,0
DA:45,0
DA:46,0
DA:47,0
DA:49,0
DA:50,0
LF:19
LH:0
end_of_record
TN:
SF:/home/pm/Documents/GitHub/contracts-kujira/contracts/hub/src/types/keys.rs
FN:12,new
FN:25,from
FNF:2
FNDA:2,new
FNDA:2,from
DA:12,2
DA:14,2
DA:25,2
DA:26,2
DA:36,2
DA:37,2
DA:42,1
DA:43,1
LF:8
LH:8
end_of_record
TN:
SF:/home/pm/Documents/GitHub/contracts-kujira/contracts/hub/src/types/staking.rs
FN:14,new
FN:21,to_cosmos_msg
FN:37,new
FN:44,to_cosmos_msg
FN:59,new
FN:66,to_cosmos_msg
FN:82,new
FN:90,to_cosmos_msg
FNF:8
FNDA:4,new
FNDA:1,to_cosmos_msg
FNDA:1,new
FNDA:1,to_cosmos_msg
FNDA:2,new
FNDA:1,to_cosmos_msg
FNDA:2,new
FNDA:1,to_cosmos_msg
DA:14,4
DA:16,4
DA:21,1
DA:22,1
DA:23,1
DA:24,1
DA:37,1
DA:39,1
DA:44,1
DA:45,1
DA:46,2
DA:47,3
DA:59,2
DA:61,2
DA:66,1
DA:67,1
DA:68,1
DA:69,1
DA:82,2
DA:84,2
DA:85,2
DA:90,1
DA:91,1
DA:92,1
DA:93,1
DA:94,1
LF:26
LH:26
end_of_record
TN:
SF:/home/pm/Documents/GitHub/contracts-kujira/packages/eris/src/adapters/bow_vault.rs
FN:14,withdraw_msg
FNF:1
FNDA:1,withdraw_msg
DA:14,1
DA:15,1
DA:16,1
DA:17,1
DA:19,1
DA:21,2
LF:6
LH:6
end_of_record
TN:
SF:/home/pm/Documents/GitHub/contracts-kujira/packages/eris/src/adapters/bw_vault.rs
FN:16,withdraw_msg
FNF:1
FNDA:1,withdraw_msg
DA:16,1
DA:17,1
DA:18,1
DA:19,1
DA:21,1
DA:23,2
LF:6
LH:6
end_of_record
TN:
SF:/home/pm/Documents/GitHub/contracts-kujira/packages/eris/src/adapters/fin_multi.rs
FN:17,swap_msg
FNF:1
FNDA:1,swap_msg
DA:17,1
DA:22,1
DA:23,3
DA:24,1
DA:25,1
DA:29,1
DA:30,1
DA:31,4
DA:32,2
DA:33,1
DA:34,1
LF:11
LH:11
end_of_record
TN:
SF:/home/pm/Documents/GitHub/contracts-kujira/packages/eris/src/amp_gauges.rs
FN:117,assert_owner
FN:124,assert_owner_or_self
FN:180,get_amp_tune_info<cosmwasm_std::addresses::Addr>
FN:189,get_amp_validator_infos<cosmwasm_std::addresses::Addr>
FNF:4
FNDA:0,assert_owner
FNDA:0,assert_owner_or_self
FNDA:0,get_amp_tune_info<cosmwasm_std::addresses::Addr>
FNDA:0,get_amp_validator_infos<cosmwasm_std::addresses::Addr>
DA:117,0
DA:118,0
DA:119,0
DA:121,0
DA:124,0
DA:125,0
DA:126,0
DA:128,0
DA:180,0
DA:184,0
DA:186,0
DA:189,0
DA:194,0
DA:195,0
DA:196,0
DA:197,0
DA:198,0
DA:201,0
LF:18
LH:0
end_of_record
TN:
SF:/home/pm/Documents/GitHub/contracts-kujira/packages/eris/src/emp_gauges.rs
FN:102,assert_owner
FN:109,assert_owner_or_self
FN:154,get_emp_tune_info<cosmwasm_std::addresses::Addr>
FN:162,get_emp_validator_infos<cosmwasm_std::addresses::Addr>
FNF:4
FNDA:0,assert_owner
FNDA:0,assert_owner_or_self
FNDA:0,get_emp_tune_info<cosmwasm_std::addresses::Addr>
FNDA:0,get_emp_validator_infos<cosmwasm_std::addresses::Addr>
DA:102,0
DA:103,0
DA:104,0
DA:106,0
DA:109,0
DA:110,0
DA:111,0
DA:113,0
DA:154,0
DA:158,0
DA:159,0
DA:162,0
DA:167,0
DA:168,0
DA:169,0
DA:170,0
DA:171,0
DA:174,0
LF:18
LH:0
end_of_record
TN:
SF:/home/pm/Documents/GitHub/contracts-kujira/packages/eris/src/governance_helper.rs
FN:20,get_period
FN:29,get_s_from_period
FN:34,get_periods_count
FN:44,checked_mul
FN:69,calc_voting_power
FN:77,{closure#0}
FNF:6
FNDA:2,get_period
FNDA:0,get_s_from_period
FNDA:0,get_periods_count
FNDA:0,checked_mul
FNDA:0,calc_voting_power
FNDA:0,{closure#0}
DA:20,2
DA:21,3
DA:22,0
DA:24,3
DA:29,0
DA:30,0
DA:34,0
DA:35,0
DA:44,0
DA:45,0
DA:46,0
DA:48,0
DA:49,0
DA:50,0
DA:51,0
DA:53,0
DA:54,0
DA:55,0
DA:60,0
DA:61,0
DA:63,0
DA:69,0
DA:75,0
DA:76,0
DA:77,0
DA:78,0
LF:26
LH:3
end_of_record
TN:
SF:/home/pm/Documents/GitHub/contracts-kujira/packages/eris/src/helper.rs
FN:4,addr_opt_validate
FNF:1
FNDA:1,addr_opt_validate
DA:4,1
DA:5,3
LF:2
LH:2
end_of_record
TN:
SF:/home/pm/Documents/GitHub/contracts-kujira/packages/eris/src/helpers/bps.rs
FN:17,checked_add
FN:26,from_ratio
FN:34,reverse
FN:38,decimal
FN:42,div_decimal
FN:50,max
FN:55,zero
FN:59,u16
FN:63,is_max
FN:66,is_zero
FN:74,try_from
FN:86,try_from
FN:96,from
FN:102,from
FN:110,mul
FN:118,mul
FNF:16
FNDA:1,checked_add
FNDA:0,from_ratio
FNDA:0,reverse
FNDA:1,decimal
FNDA:0,div_decimal
FNDA:0,max
FNDA:0,zero
FNDA:0,u16
FNDA:1,is_max
FNDA:0,is_zero
FNDA:2,try_from
FNDA:0,try_from
FNDA:0,from
FNDA:0,from
FNDA:0,mul
FNDA:0,mul
DA:17,1
DA:18,2
DA:19,2
DA:20,0
DA:22,2
DA:26,0
DA:27,0
DA:29,0
DA:34,0
DA:35,0
DA:38,1
DA:39,2
DA:42,0
DA:43,0
DA:44,0
DA:46,0
DA:50,0
DA:51,0
DA:55,0
DA:56,0
DA:59,0
DA:63,1
DA:64,2
DA:66,0
DA:67,0
DA:74,2
DA:75,1
DA:76,2
DA:78,0
DA:86,0
DA:87,0
DA:88,0
DA:90,0
DA:96,0
DA:102,0
DA:103,0
DA:110,0
DA:111,0
DA:118,0
DA:120,0
DA:121,0
LF:41
LH:11
end_of_record
TN:
SF:/home/pm/Documents/GitHub/contracts-kujira/packages/eris/src/hub.rs
FN:39,validate
FN:68,{closure#0}
FN:90,{closure#1}
FN:241,into_cosmos_msg
FN:427,from
FN:444,from
FNF:6
FNDA:2,validate
FNDA:5,{closure#0}
FNDA:4,{closure#1}
FNDA:1,into_cosmos_msg
FNDA:1,from
FNDA:1,from
DA:39,2
DA:44,23
DA:47,1
DA:55,2
DA:56,2
DA:62,2
DA:65,1
DA:66,5
DA:68,5
DA:69,2
DA:70,2
DA:76,3
DA:77,2
DA:83,2
DA:84,2
DA:88,6
DA:90,4
DA:92,5
DA:93,2
DA:101,22
DA:241,1
DA:242,1
DA:243,1
DA:244,3
DA:245,1
DA:427,1
DA:429,1
DA:430,1
DA:444,1
DA:446,1
DA:447,2
LF:31
LH:31
end_of_record
TN:
SF:/home/pm/Documents/GitHub/contracts-kujira/packages/eris/src/lib.rs
FN:29,add_optional_message
FN:36,add_callback
FN:40,add_optional_callback
FN:54,checked_add
FN:57,{closure#0}
FN:61,checked_mul_uint
FN:78,to_decimal256
FNF:7
FNDA:1,add_optional_message
FNDA:1,add_callback
FNDA:1,add_optional_callback
FNDA:0,checked_add
FNDA:0,{closure#0}
FNDA:1,checked_mul_uint
FNDA:0,to_decimal256
DA:29,1
DA:30,1
DA:31,1
DA:32,1
DA:36,1
DA:37,2
DA:40,1
DA:41,1
DA:42,1
DA:43,1
DA:54,0
DA:55,0
DA:56,0
DA:57,0
DA:61,1
DA:62,1
DA:63,1
DA:65,2
DA:67,2
DA:68,0
DA:69,0
DA:70,0
DA:71,0
DA:74,2
DA:78,0
DA:79,0
LF:26
LH:16
end_of_record
TN:
SF:/home/pm/Documents/GitHub/contracts-kujira/packages/eris/src/querier.rs
FN:10,query_fin_pair
FN:22,query_balance
FN:35,simulate
FNF:3
FNDA:0,query_fin_pair
FNDA:0,query_balance
FNDA:0,simulate
DA:10,0
DA:14,0
DA:15,0
DA:16,0
DA:19,0
DA:22,0
DA:28,0
DA:29,0
DA:30,0
DA:32,0
DA:35,0
DA:40,0
DA:41,0
DA:42,0
DA:43,0
LF:15
LH:0
end_of_record
TN:
SF:/home/pm/Documents/GitHub/contracts-kujira/packages/eris/src/voting_escrow.rs
FN:134,fmt
FNF:1
FNDA:0,fmt
DA:134,0
DA:135,0
DA:136,0
DA:137,0
DA:140,0
LF:5
LH:0
end_of_record
